[debug] [2018-09-05T21:14:49.126Z] ----------------------------------------------------------------------
[debug] [2018-09-05T21:14:49.142Z] Command:       C:\Program Files\nodejs\node.exe C:\Users\monikar\AppData\Roaming\npm\node_modules\firebase-tools\bin\firebase init
[debug] [2018-09-05T21:14:49.142Z] CLI Version:   4.2.1
[debug] [2018-09-05T21:14:49.142Z] Platform:      win32
[debug] [2018-09-05T21:14:49.142Z] Node Version:  v8.11.2
[debug] [2018-09-05T21:14:49.142Z] Time:          Wed Sep 05 2018 14:14:49 GMT-0700 (Pacific Daylight Time)
[debug] [2018-09-05T21:14:49.142Z] ----------------------------------------------------------------------
[debug] 
[debug] [2018-09-05T21:14:49.142Z] > command requires scopes: ["email","openid","https://www.googleapis.com/auth/cloudplatformprojects.readonly","https://www.googleapis.com/auth/firebase"]
[debug] [2018-09-05T21:14:49.142Z] > authorizing via signed-in user
[info] 
     ######## #### ########  ######## ########     ###     ######  ########
     ##        ##  ##     ## ##       ##     ##  ##   ##  ##       ##
     ######    ##  ########  ######   ########  #########  ######  ######
     ##        ##  ##    ##  ##       ##     ## ##     ##       ## ##
     ##       #### ##     ## ######## ########  ##     ##  ######  ########

You're about to initialize a Firebase project in this directory:

  C:\Users\monikar\Desktop\Desktop Folders\Angular Projects\Authenticate\Aunthentication\web-authentication

[info] 
=== Project Setup
[info] 
[info] First, let's associate this project directory with a Firebase project.
[info] You can create multiple project aliases by running firebase use --add, 
[info] but for now we'll just set up a default project.
[info] 
[debug] [2018-09-05T21:15:24.825Z] > refreshing access token with scopes: ["email","https://www.googleapis.com/auth/cloudplatformprojects.readonly","https://www.googleapis.com/auth/firebase","openid"]
[debug] [2018-09-05T21:15:24.840Z] >>> HTTP REQUEST POST https://www.googleapis.com/oauth2/v3/token  

[debug] [2018-09-05T21:15:25.059Z] <<< HTTP RESPONSE 200
[debug] [2018-09-05T21:15:25.075Z] >>> HTTP REQUEST GET https://admin.firebase.com/v1/projects  
 
[debug] [2018-09-05T21:15:25.621Z] <<< HTTP RESPONSE 200
[info] 
=== Functions Setup
[info] 
[info] A functions directory will be created in your project with a Node.js
[info] package pre-configured. Functions can be deployed with firebase deploy.
[info] 
[debug] [2018-09-05T21:15:59.990Z] > command requires scopes: ["email","openid","https://www.googleapis.com/auth/cloudplatformprojects.readonly","https://www.googleapis.com/auth/firebase","https://www.googleapis.com/auth/cloud-platform"]
[debug] [2018-09-05T21:15:59.990Z] > authorizing via signed-in user
[debug] [2018-09-05T21:16:00.006Z] > refreshing access token with scopes: ["email","https://www.googleapis.com/auth/cloud-platform","https://www.googleapis.com/auth/cloudplatformprojects.readonly","https://www.googleapis.com/auth/firebase","openid"]
[debug] [2018-09-05T21:16:00.006Z] >>> HTTP REQUEST POST https://www.googleapis.com/oauth2/v3/token  

[debug] [2018-09-05T21:16:00.130Z] <<< HTTP RESPONSE 200
[debug] [2018-09-05T21:16:00.146Z] >>> HTTP REQUEST GET https://admin.firebase.com/v1/projects/recipebook-hosting  
 
[debug] [2018-09-05T21:16:00.448Z] <<< HTTP RESPONSE 200
[debug] [2018-09-05T21:16:00.448Z] >>> HTTP REQUEST PATCH https://servicemanagement.googleapis.com/v1/services/cloudfunctions.googleapis.com/projectSettings/recipebook-hosting?updateMask=usageSettings  

[debug] [2018-09-05T21:16:00.448Z] >>> HTTP REQUEST PATCH https://servicemanagement.googleapis.com/v1/services/runtimeconfig.googleapis.com/projectSettings/recipebook-hosting?updateMask=usageSettings  

[debug] [2018-09-05T21:16:01.529Z] <<< HTTP RESPONSE 200
[debug] [2018-09-05T21:16:01.529Z] <<< HTTP RESPONSE 200
[info] +  Wrote functions/package.json
[info] +  Wrote functions/tslint.json
[info] +  Wrote functions/tsconfig.json
[info] +  Wrote functions/src/index.ts
[debug] [2018-09-05T21:16:54.602Z] ----------------------------------------------------------------------
[debug] [2018-09-05T21:16:54.605Z] Command:       C:\Program Files\nodejs\node.exe C:\Users\monikar\AppData\Roaming\npm\node_modules\firebase-tools\bin\firebase init
[debug] [2018-09-05T21:16:54.605Z] CLI Version:   4.2.1
[debug] [2018-09-05T21:16:54.605Z] Platform:      win32
[debug] [2018-09-05T21:16:54.605Z] Node Version:  v8.11.2
[debug] [2018-09-05T21:16:54.606Z] Time:          Wed Sep 05 2018 14:16:54 GMT-0700 (Pacific Daylight Time)
[debug] [2018-09-05T21:16:54.606Z] ----------------------------------------------------------------------
[debug] 
[debug] [2018-09-05T21:16:54.616Z] > command requires scopes: ["email","openid","https://www.googleapis.com/auth/cloudplatformprojects.readonly","https://www.googleapis.com/auth/firebase"]
[debug] [2018-09-05T21:16:54.616Z] > authorizing via signed-in user
[info] 
     ######## #### ########  ######## ########     ###     ######  ########
     ##        ##  ##     ## ##       ##     ##  ##   ##  ##       ##
     ######    ##  ########  ######   ########  #########  ######  ######
     ##        ##  ##    ##  ##       ##     ## ##     ##       ## ##
     ##       #### ##     ## ######## ########  ##     ##  ######  ########

You're about to initialize a Firebase project in this directory:

  C:\Users\monikar\Desktop\Desktop Folders\Angular Projects\Authenticate\Aunthentication\web-authentication

